<?xml version="1.0" encoding="UTF-8"?>
<testsuite name="iplproblem.IPLProblemTest" tests="1" skipped="0" failures="0" errors="0" timestamp="2020-10-09T17:47:42" hostname="DESKTOP-VKMRUMV" time="3.403">
  <properties/>
  <testcase name="givenIPLWicketsData_WhenSortedDescendingOnAllRounder_ShouldReturnCorrectPlayerName" classname="iplproblem.IPLProblemTest" time="3.403"/>
  <system-out><![CDATA[]]></system-out>
  <system-err><![CDATA[]]></system-err>
</testsuite>
